f:\vsproject\atatool\release\atatool.ipdb
f:\vsproject\atatool\release\atatool.iobj
f:\vsproject\atatool\atatool\release\vc141.pdb
f:\vsproject\atatool\atatool\release\ata_dll_testitem_camera.obj
f:\vsproject\atatool\atatool\release\ata_dll_testitem_bts.obj
f:\vsproject\atatool\atatool\release\ata_dll_testitem_bt.obj
f:\vsproject\atatool\atatool\release\ata_dll_testitem_boardflag.obj
f:\vsproject\atatool\atatool\release\ata_dll_testitem_barometer.obj
f:\vsproject\atatool\atatool\release\ata_dll_testitem_barcode.obj
f:\vsproject\atatool\atatool\release\ata_dll_testitem_audio.obj
f:\vsproject\atatool\atatool\release\ata_dll_testitem_aging.obj
f:\vsproject\atatool\atatool\release\ata_dll_testitem_adc.obj
f:\vsproject\atatool\atatool\release\ata_dll_testitem_acc.obj
f:\vsproject\atatool\atatool\release\rs232module.obj
f:\vsproject\atatool\atatool\release\commthread.obj
f:\vsproject\atatool\atatool\release\commmodule.obj
f:\vsproject\atatool\atatool\release\atresult.obj
f:\vsproject\atatool\atatool\release\ata_dll_utils.obj
f:\vsproject\atatool\atatool\release\ata_dll_mutex.obj
f:\vsproject\atatool\atatool\release\atatooldlg.obj
f:\vsproject\atatool\atatool\release\atatool.obj
f:\vsproject\atatool\atatool\release\atatestclass.obj
f:\vsproject\atatool\atatool\release\ata_dll_testitem_led.obj
f:\vsproject\atatool\atatool\release\ata_dll_testitem_lcm.obj
f:\vsproject\atatool\atatool\release\ata_dll_testitem_kpad.obj
f:\vsproject\atatool\atatool\release\ata_dll_testitem_interface.obj
f:\vsproject\atatool\atatool\release\ata_dll_testitem_imei.obj
f:\vsproject\atatool\atatool\release\ata_dll_testitem_hwver.obj
f:\vsproject\atatool\atatool\release\ata_dll_testitem_hwd.obj
f:\vsproject\atatool\atatool\release\ata_dll_testitem_humidity.obj
f:\vsproject\atatool\atatool\release\ata_dll_testitem_hdmi.obj
f:\vsproject\atatool\atatool\release\ata_dll_testitem_gsensoreint.obj
f:\vsproject\atatool\atatool\release\ata_dll_testitem_gps.obj
f:\vsproject\atatool\atatool\release\ata_dll_testitem_fm.obj
f:\vsproject\atatool\atatool\release\ata_dll_testitem_fingerprint.obj
f:\vsproject\atatool\atatool\release\ata_dll_testitem_extbuck.obj
f:\vsproject\atatool\atatool\release\ata_dll_testitem_er_state.obj
f:\vsproject\atatool\atatool\release\ata_dll_testitem_emmc.obj
f:\vsproject\atatool\atatool\release\ata_dll_testitem_comport.obj
f:\vsproject\atatool\atatool\release\ata_dll_testitem_cmmb.obj
f:\vsproject\atatool\atatool\release\ata_dll_testitem_charger.obj
f:\vsproject\atatool\atatool\release\ata_dll_testitem_cflag.obj
f:\vsproject\atatool\atatool\release\ata_dll_testitem_usbtypec.obj
f:\vsproject\atatool\atatool\release\ata_dll_testitem_tp.obj
f:\vsproject\atatool\atatool\release\ata_dll_testitem_tcard.obj
f:\vsproject\atatool\atatool\release\ata_dll_testitem_swversion.obj
f:\vsproject\atatool\atatool\release\ata_dll_testitem_sos.obj
f:\vsproject\atatool\atatool\release\ata_dll_testitem_sleepmode.obj
f:\vsproject\atatool\atatool\release\ata_dll_testitem_simcard.obj
f:\vsproject\atatool\atatool\release\ata_dll_testitem_sensorirda.obj
f:\vsproject\atatool\atatool\release\ata_dll_testitem_sensor.obj
f:\vsproject\atatool\atatool\release\ata_dll_testitem_rtc.obj
f:\vsproject\atatool\atatool\release\ata_dll_testitem_rssi.obj
f:\vsproject\atatool\atatool\release\ata_dll_testitem_reset.obj
f:\vsproject\atatool\atatool\release\ata_dll_testitem_relay.obj
f:\vsproject\atatool\atatool\release\ata_dll_testitem_pumpexpress.obj
f:\vsproject\atatool\atatool\release\ata_dll_testitem_power.obj
f:\vsproject\atatool\atatool\release\ata_dll_testitem_otg.obj
f:\vsproject\atatool\atatool\release\ata_dll_testitem_nfc.obj
f:\vsproject\atatool\atatool\release\ata_dll_testitem_micbias.obj
f:\vsproject\atatool\atatool\release\ata_dll_testitem_matv.obj
f:\vsproject\atatool\atatool\release\ata_dll_testitem_machineflag.obj
f:\vsproject\atatool\atatool\release\thread.obj
f:\vsproject\atatool\atatool\release\ata_dll_testitem_wifi.obj
f:\vsproject\atatool\atatool\release\ata_dll_testitem_voltage.obj
f:\vsproject\atatool\atatool\release\ata_dll_testitem_vibrator.obj
f:\vsproject\atatool\atatool\release\atatool.pch
f:\vsproject\atatool\atatool\release\stdafx.obj
f:\vsproject\atatool\release\atatool.exe
f:\vsproject\atatool\release\atatool.pdb
f:\vsproject\atatool\atatool\release\atatool.res
f:\vsproject\atatool\atatool\release\atatool.tlog\atatool.write.1u.tlog
f:\vsproject\atatool\atatool\release\atatool.tlog\cl.command.1.tlog
f:\vsproject\atatool\atatool\release\atatool.tlog\cl.read.1.tlog
f:\vsproject\atatool\atatool\release\atatool.tlog\cl.write.1.tlog
f:\vsproject\atatool\atatool\release\atatool.tlog\link.command.1.tlog
f:\vsproject\atatool\atatool\release\atatool.tlog\link.read.1.tlog
f:\vsproject\atatool\atatool\release\atatool.tlog\link.write.1.tlog
f:\vsproject\atatool\atatool\release\atatool.tlog\rc.command.1.tlog
f:\vsproject\atatool\atatool\release\atatool.tlog\rc.read.1.tlog
f:\vsproject\atatool\atatool\release\atatool.tlog\rc.write.1.tlog
